The following modules were not unloaded:
  (Use "module --force purge" to unload all):

  1) csc-tools
NOTE: This module uses Apptainer (Singularity). Some commands execute inside
the container (e.g. python3, pip3).

Job started: 2026-04-26T20:15:35Z
Host: r01g01.bullx
Project: project_2018566
Source data: /scratch/project_2018566/data/flower_photos
Local data: /run/nvme/job_34187755/data/flower_job_data/flower_photos
Model path: /projappl/project_2018566/models/flower_model_NN.keras
CUDA_VISIBLE_DEVICES: 0
Copying data to local disk...
Starting training_script.py...
2026-04-26 23:17:12.590765: E external/local_xla/xla/stream_executor/cuda/cuda_fft.cc:477] Unable to register cuFFT factory: Attempting to register factory for plugin cuFFT when one has already been registered
WARNING: All log messages before absl::InitializeLog() is called are written to STDERR
E0000 00:00:1777234632.786687 1902659 cuda_dnn.cc:8310] Unable to register cuDNN factory: Attempting to register factory for plugin cuDNN when one has already been registered
E0000 00:00:1777234632.834942 1902659 cuda_blas.cc:1418] Unable to register cuBLAS factory: Attempting to register factory for plugin cuBLAS when one has already been registered
I0000 00:00:1777234643.954317 1902659 gpu_device.cc:2022] Created device /job:localhost/replica:0/task:0/device:GPU:0 with 2048 MB memory:  -> device: 0, name: Tesla V100-SXM2-32GB, pci bus id: 0000:61:00.0, compute capability: 7.0
I0000 00:00:1777234643.955269 1902659 gpu_device.cc:2022] Created device /job:localhost/replica:0/task:0/device:GPU:1 with 2048 MB memory:  -> device: 0, name: Tesla V100-SXM2-32GB, pci bus id: 0000:61:00.0, compute capability: 7.0
I0000 00:00:1777234643.955509 1902659 gpu_device.cc:2022] Created device /job:localhost/replica:0/task:0/device:GPU:2 with 2048 MB memory:  -> device: 0, name: Tesla V100-SXM2-32GB, pci bus id: 0000:61:00.0, compute capability: 7.0
I0000 00:00:1777234643.955863 1902659 gpu_device.cc:2022] Created device /job:localhost/replica:0/task:0/device:GPU:3 with 2048 MB memory:  -> device: 0, name: Tesla V100-SXM2-32GB, pci bus id: 0000:61:00.0, compute capability: 7.0
E0000 00:00:1777234650.788446 1902659 meta_optimizer.cc:966] layout failed: INVALID_ARGUMENT: Size of values 0 does not match size of permutation 4 @ fanin shape inStatefulPartitionedCall/sequential_1/dropout_1/stateless_dropout/SelectV2-2-TransposeNHWCToNCHW-LayoutOptimizer
I0000 00:00:1777234653.471561 1902769 cuda_dnn.cc:529] Loaded cuDNN version 90501
Starting test_script.py...
2026-04-26 23:19:14.870374: E external/local_xla/xla/stream_executor/cuda/cuda_fft.cc:477] Unable to register cuFFT factory: Attempting to register factory for plugin cuFFT when one has already been registered
WARNING: All log messages before absl::InitializeLog() is called are written to STDERR
E0000 00:00:1777234755.042771 1907537 cuda_dnn.cc:8310] Unable to register cuDNN factory: Attempting to register factory for plugin cuDNN when one has already been registered
E0000 00:00:1777234755.088068 1907537 cuda_blas.cc:1418] Unable to register cuBLAS factory: Attempting to register factory for plugin cuBLAS when one has already been registered
I0000 00:00:1777234759.577912 1907537 gpu_device.cc:2022] Created device /job:localhost/replica:0/task:0/device:GPU:0 with 31141 MB memory:  -> device: 0, name: Tesla V100-SXM2-32GB, pci bus id: 0000:61:00.0, compute capability: 7.0
I0000 00:00:1777234761.595724 1907631 cuda_dnn.cc:529] Loaded cuDNN version 90501
Training log tail:
Epoch 26/30

Epoch 26: val_accuracy did not improve from 0.67391
46/46 - 3s - 66ms/step - accuracy: 0.7425 - loss: 0.6431 - val_accuracy: 0.5652 - val_loss: 1.2760
Epoch 27/30

Epoch 27: val_accuracy did not improve from 0.67391
46/46 - 3s - 67ms/step - accuracy: 0.7807 - loss: 0.6019 - val_accuracy: 0.6413 - val_loss: 0.8341
Epoch 28/30

Epoch 28: val_accuracy improved from 0.67391 to 0.68478, saving model to /projappl/project_2018566/models/flower_model_NN.keras
46/46 - 3s - 68ms/step - accuracy: 0.7657 - loss: 0.5919 - val_accuracy: 0.6848 - val_loss: 0.7926
Epoch 29/30

Epoch 29: val_accuracy did not improve from 0.68478
46/46 - 3s - 66ms/step - accuracy: 0.7861 - loss: 0.5738 - val_accuracy: 0.6087 - val_loss: 0.8874
Epoch 30/30

Epoch 30: val_accuracy did not improve from 0.68478
46/46 - 3s - 67ms/step - accuracy: 0.7616 - loss: 0.6026 - val_accuracy: 0.5326 - val_loss: 1.2675

Results
best_epoch: 28
# of replicas: 4
global batch size: 64
training_accuracy: 0.7656675577163696
validation_accuracy: 0.6847826242446899
run_time: 104.55200433731079
saved model: /projappl/project_2018566/models/flower_model_NN.keras
Finished training.
Test log tail:
Testing flower model
UTC time: 2026-04-26T20:19:18.996272+00:00
test dataset: /run/nvme/job_34187755/data/flower_job_data/flower_photos/val
model path: /projappl/project_2018566/models/flower_model_NN.keras
tested images: 735

Found 735 files belonging to 5 classes.
12/12 - 1s - 122ms/step - accuracy: 0.7252 - loss: 0.6717

Results
UTC time: 2026-04-26T20:19:18.996272+00:00
run_time: 3.6165452003479004
tested images: 735
correct %: 72.51700758934021
test loss per image: 0.6717022061347961
Finished testing.
Job finished: 2026-04-26T20:19:23Z
