Training flower model
train dataset: /run/nvme/job_34187755/data/flower_job_data/flower_photos/train
validation dataset: /run/nvme/job_34187755/data/flower_job_data/flower_photos/val
model path: /projappl/project_2018566/models/flower_model_NN.keras
TensorFlow version: 2.18.0
Keras version: 3.6.0

Configured 1 physical GPU as 4 logical GPUs (2048 MB each).
Physical GPUs: 1
Logical GPUs: 4
# of replicas: 4
global batch size: 64
training data count: 2935
validation data count: 735

Found 2935 files belonging to 5 classes.
Found 735 files belonging to 5 classes.
class names: ['daisy', 'dandelion', 'roses', 'sunflowers', 'tulips']
number of classes: 5

Model summary:
Model: "sequential"
┏━━━━━━━━━━━━━━━━━━━━━━━━━━━━━━━━━┳━━━━━━━━━━━━━━━━━━━━━━━━┳━━━━━━━━━━━━━━━┓
┃ Layer (type)                    ┃ Output Shape           ┃       Param # ┃
┡━━━━━━━━━━━━━━━━━━━━━━━━━━━━━━━━━╇━━━━━━━━━━━━━━━━━━━━━━━━╇━━━━━━━━━━━━━━━┩
│ data_augmentation (Sequential)  │ (None, 150, 150, 3)    │             0 │
├─────────────────────────────────┼────────────────────────┼───────────────┤
│ rescaling (Rescaling)           │ (None, 150, 150, 3)    │             0 │
├─────────────────────────────────┼────────────────────────┼───────────────┤
│ conv2d (Conv2D)                 │ (None, 150, 150, 32)   │           896 │
├─────────────────────────────────┼────────────────────────┼───────────────┤
│ batch_normalization             │ (None, 150, 150, 32)   │           128 │
│ (BatchNormalization)            │                        │               │
├─────────────────────────────────┼────────────────────────┼───────────────┤
│ max_pooling2d (MaxPooling2D)    │ (None, 75, 75, 32)     │             0 │
├─────────────────────────────────┼────────────────────────┼───────────────┤
│ conv2d_1 (Conv2D)               │ (None, 75, 75, 64)     │        18,496 │
├─────────────────────────────────┼────────────────────────┼───────────────┤
│ batch_normalization_1           │ (None, 75, 75, 64)     │           256 │
│ (BatchNormalization)            │                        │               │
├─────────────────────────────────┼────────────────────────┼───────────────┤
│ max_pooling2d_1 (MaxPooling2D)  │ (None, 37, 37, 64)     │             0 │
├─────────────────────────────────┼────────────────────────┼───────────────┤
│ conv2d_2 (Conv2D)               │ (None, 37, 37, 128)    │        73,856 │
├─────────────────────────────────┼────────────────────────┼───────────────┤
│ batch_normalization_2           │ (None, 37, 37, 128)    │           512 │
│ (BatchNormalization)            │                        │               │
├─────────────────────────────────┼────────────────────────┼───────────────┤
│ max_pooling2d_2 (MaxPooling2D)  │ (None, 18, 18, 128)    │             0 │
├─────────────────────────────────┼────────────────────────┼───────────────┤
│ dropout (Dropout)               │ (None, 18, 18, 128)    │             0 │
├─────────────────────────────────┼────────────────────────┼───────────────┤
│ global_average_pooling2d        │ (None, 128)            │             0 │
│ (GlobalAveragePooling2D)        │                        │               │
├─────────────────────────────────┼────────────────────────┼───────────────┤
│ dense (Dense)                   │ (None, 256)            │        33,024 │
├─────────────────────────────────┼────────────────────────┼───────────────┤
│ dropout_1 (Dropout)             │ (None, 256)            │             0 │
├─────────────────────────────────┼────────────────────────┼───────────────┤
│ dense_1 (Dense)                 │ (None, 5)              │         1,285 │
└─────────────────────────────────┴────────────────────────┴───────────────┘
 Total params: 128,453 (501.77 KB)
 Trainable params: 128,005 (500.02 KB)
 Non-trainable params: 448 (1.75 KB)


Epoch 1/30

Epoch 1: val_accuracy improved from -inf to 0.26087, saving model to /projappl/project_2018566/models/flower_model_NN.keras
46/46 - 14s - 305ms/step - accuracy: 0.5027 - loss: 1.2250 - val_accuracy: 0.2609 - val_loss: 1.5782
Epoch 2/30

Epoch 2: val_accuracy did not improve from 0.26087
46/46 - 3s - 66ms/step - accuracy: 0.5599 - loss: 1.0989 - val_accuracy: 0.2609 - val_loss: 1.6609
Epoch 3/30

Epoch 3: val_accuracy did not improve from 0.26087
46/46 - 3s - 67ms/step - accuracy: 0.5995 - loss: 1.0271 - val_accuracy: 0.2609 - val_loss: 2.0051
Epoch 4/30

Epoch 4: val_accuracy did not improve from 0.26087
46/46 - 3s - 67ms/step - accuracy: 0.5954 - loss: 1.0271 - val_accuracy: 0.2609 - val_loss: 2.3295
Epoch 5/30

Epoch 5: val_accuracy did not improve from 0.26087
46/46 - 3s - 66ms/step - accuracy: 0.6512 - loss: 0.9572 - val_accuracy: 0.2609 - val_loss: 2.4797
Epoch 6/30

Epoch 6: val_accuracy did not improve from 0.26087
46/46 - 3s - 66ms/step - accuracy: 0.6362 - loss: 0.9155 - val_accuracy: 0.2609 - val_loss: 2.5527
Epoch 7/30

Epoch 7: val_accuracy did not improve from 0.26087
46/46 - 3s - 66ms/step - accuracy: 0.6540 - loss: 0.8752 - val_accuracy: 0.2609 - val_loss: 2.7311
Epoch 8/30

Epoch 8: val_accuracy improved from 0.26087 to 0.27717, saving model to /projappl/project_2018566/models/flower_model_NN.keras
46/46 - 3s - 68ms/step - accuracy: 0.6975 - loss: 0.7984 - val_accuracy: 0.2772 - val_loss: 2.4085
Epoch 9/30

Epoch 9: val_accuracy improved from 0.27717 to 0.29348, saving model to /projappl/project_2018566/models/flower_model_NN.keras
46/46 - 3s - 68ms/step - accuracy: 0.6812 - loss: 0.8772 - val_accuracy: 0.2935 - val_loss: 2.1839
Epoch 10/30

Epoch 10: val_accuracy improved from 0.29348 to 0.36413, saving model to /projappl/project_2018566/models/flower_model_NN.keras
46/46 - 3s - 68ms/step - accuracy: 0.6553 - loss: 0.8601 - val_accuracy: 0.3641 - val_loss: 2.2442
Epoch 11/30

Epoch 11: val_accuracy improved from 0.36413 to 0.42391, saving model to /projappl/project_2018566/models/flower_model_NN.keras
46/46 - 3s - 70ms/step - accuracy: 0.6948 - loss: 0.7860 - val_accuracy: 0.4239 - val_loss: 1.7859
Epoch 12/30

Epoch 12: val_accuracy improved from 0.42391 to 0.61413, saving model to /projappl/project_2018566/models/flower_model_NN.keras
46/46 - 3s - 67ms/step - accuracy: 0.6894 - loss: 0.7905 - val_accuracy: 0.6141 - val_loss: 1.0732
Epoch 13/30

Epoch 13: val_accuracy did not improve from 0.61413
46/46 - 3s - 66ms/step - accuracy: 0.7343 - loss: 0.7257 - val_accuracy: 0.6033 - val_loss: 1.0496
Epoch 14/30

Epoch 14: val_accuracy improved from 0.61413 to 0.62500, saving model to /projappl/project_2018566/models/flower_model_NN.keras
46/46 - 3s - 68ms/step - accuracy: 0.6975 - loss: 0.7579 - val_accuracy: 0.6250 - val_loss: 0.9919
Epoch 15/30

Epoch 15: val_accuracy improved from 0.62500 to 0.63043, saving model to /projappl/project_2018566/models/flower_model_NN.keras
46/46 - 3s - 68ms/step - accuracy: 0.6962 - loss: 0.7914 - val_accuracy: 0.6304 - val_loss: 0.9018
Epoch 16/30

Epoch 16: val_accuracy improved from 0.63043 to 0.67391, saving model to /projappl/project_2018566/models/flower_model_NN.keras
46/46 - 3s - 68ms/step - accuracy: 0.7398 - loss: 0.7374 - val_accuracy: 0.6739 - val_loss: 0.8279
Epoch 17/30

Epoch 17: val_accuracy did not improve from 0.67391
46/46 - 3s - 67ms/step - accuracy: 0.7520 - loss: 0.6824 - val_accuracy: 0.5652 - val_loss: 1.0926
Epoch 18/30

Epoch 18: val_accuracy did not improve from 0.67391
46/46 - 3s - 66ms/step - accuracy: 0.7330 - loss: 0.7433 - val_accuracy: 0.5978 - val_loss: 1.0969
Epoch 19/30

Epoch 19: val_accuracy did not improve from 0.67391
46/46 - 3s - 66ms/step - accuracy: 0.7262 - loss: 0.7095 - val_accuracy: 0.6413 - val_loss: 0.8946
Epoch 20/30

Epoch 20: val_accuracy did not improve from 0.67391
46/46 - 3s - 72ms/step - accuracy: 0.7112 - loss: 0.7218 - val_accuracy: 0.6413 - val_loss: 1.0847
Epoch 21/30

Epoch 21: val_accuracy did not improve from 0.67391
46/46 - 3s - 68ms/step - accuracy: 0.7221 - loss: 0.6958 - val_accuracy: 0.6196 - val_loss: 1.0040
Epoch 22/30

Epoch 22: val_accuracy did not improve from 0.67391
46/46 - 3s - 67ms/step - accuracy: 0.7548 - loss: 0.6680 - val_accuracy: 0.6196 - val_loss: 0.9714
Epoch 23/30

Epoch 23: val_accuracy did not improve from 0.67391
46/46 - 3s - 66ms/step - accuracy: 0.7589 - loss: 0.6565 - val_accuracy: 0.6087 - val_loss: 0.9171
Epoch 24/30

Epoch 24: val_accuracy did not improve from 0.67391
46/46 - 3s - 67ms/step - accuracy: 0.7629 - loss: 0.6765 - val_accuracy: 0.6250 - val_loss: 0.9501
Epoch 25/30

Epoch 25: val_accuracy did not improve from 0.67391
46/46 - 3s - 66ms/step - accuracy: 0.7711 - loss: 0.5658 - val_accuracy: 0.6196 - val_loss: 1.0505
Epoch 26/30

Epoch 26: val_accuracy did not improve from 0.67391
46/46 - 3s - 66ms/step - accuracy: 0.7425 - loss: 0.6431 - val_accuracy: 0.5652 - val_loss: 1.2760
Epoch 27/30

Epoch 27: val_accuracy did not improve from 0.67391
46/46 - 3s - 67ms/step - accuracy: 0.7807 - loss: 0.6019 - val_accuracy: 0.6413 - val_loss: 0.8341
Epoch 28/30

Epoch 28: val_accuracy improved from 0.67391 to 0.68478, saving model to /projappl/project_2018566/models/flower_model_NN.keras
46/46 - 3s - 68ms/step - accuracy: 0.7657 - loss: 0.5919 - val_accuracy: 0.6848 - val_loss: 0.7926
Epoch 29/30

Epoch 29: val_accuracy did not improve from 0.68478
46/46 - 3s - 66ms/step - accuracy: 0.7861 - loss: 0.5738 - val_accuracy: 0.6087 - val_loss: 0.8874
Epoch 30/30

Epoch 30: val_accuracy did not improve from 0.68478
46/46 - 3s - 67ms/step - accuracy: 0.7616 - loss: 0.6026 - val_accuracy: 0.5326 - val_loss: 1.2675

Results
best_epoch: 28
# of replicas: 4
global batch size: 64
training_accuracy: 0.7656675577163696
validation_accuracy: 0.6847826242446899
run_time: 104.55200433731079
saved model: /projappl/project_2018566/models/flower_model_NN.keras
Finished training.
