Training flower model
train dataset: /scratch/project_2018566/data/flower_photos/train
validation dataset: /scratch/project_2018566/data/flower_photos/val
TensorFlow version: 2.18.0
Keras version: 3.6.0

Configured 1 physical GPU as 4 logical GPUs.
Physical GPUs: 1
Logical GPUs: 4
# replicas: 4
global batch size: 64
training data count: 2935
validation data count: 735

Found 2935 files belonging to 5 classes.
Found 735 files belonging to 5 classes.
class names: ['daisy', 'dandelion', 'roses', 'sunflowers', 'tulips']
number of classes: 5

Model summary:
Model: "sequential"
┏━━━━━━━━━━━━━━━━━━━━━━━━━━━━━━━━━━━━━━┳━━━━━━━━━━━━━━━━━━━━━━━━━━━━━┳━━━━━━━━━━━━━━━━━┓
┃ Layer (type)                         ┃ Output Shape                ┃         Param # ┃
┡━━━━━━━━━━━━━━━━━━━━━━━━━━━━━━━━━━━━━━╇━━━━━━━━━━━━━━━━━━━━━━━━━━━━━╇━━━━━━━━━━━━━━━━━┩
│ data_augmentation (Sequential)       │ (None, 150, 150, 3)         │               0 │
├──────────────────────────────────────┼─────────────────────────────┼─────────────────┤
│ rescaling (Rescaling)                │ (None, 150, 150, 3)         │               0 │
├──────────────────────────────────────┼─────────────────────────────┼─────────────────┤
│ conv2d (Conv2D)                      │ (None, 150, 150, 32)        │             896 │
├──────────────────────────────────────┼─────────────────────────────┼─────────────────┤
│ batch_normalization                  │ (None, 150, 150, 32)        │             128 │
│ (BatchNormalization)                 │                             │                 │
├──────────────────────────────────────┼─────────────────────────────┼─────────────────┤
│ max_pooling2d (MaxPooling2D)         │ (None, 75, 75, 32)          │               0 │
├──────────────────────────────────────┼─────────────────────────────┼─────────────────┤
│ conv2d_1 (Conv2D)                    │ (None, 75, 75, 64)          │          18,496 │
├──────────────────────────────────────┼─────────────────────────────┼─────────────────┤
│ batch_normalization_1                │ (None, 75, 75, 64)          │             256 │
│ (BatchNormalization)                 │                             │                 │
├──────────────────────────────────────┼─────────────────────────────┼─────────────────┤
│ max_pooling2d_1 (MaxPooling2D)       │ (None, 37, 37, 64)          │               0 │
├──────────────────────────────────────┼─────────────────────────────┼─────────────────┤
│ conv2d_2 (Conv2D)                    │ (None, 37, 37, 128)         │          73,856 │
├──────────────────────────────────────┼─────────────────────────────┼─────────────────┤
│ batch_normalization_2                │ (None, 37, 37, 128)         │             512 │
│ (BatchNormalization)                 │                             │                 │
├──────────────────────────────────────┼─────────────────────────────┼─────────────────┤
│ max_pooling2d_2 (MaxPooling2D)       │ (None, 18, 18, 128)         │               0 │
├──────────────────────────────────────┼─────────────────────────────┼─────────────────┤
│ dropout (Dropout)                    │ (None, 18, 18, 128)         │               0 │
├──────────────────────────────────────┼─────────────────────────────┼─────────────────┤
│ global_average_pooling2d             │ (None, 128)                 │               0 │
│ (GlobalAveragePooling2D)             │                             │                 │
├──────────────────────────────────────┼─────────────────────────────┼─────────────────┤
│ dense (Dense)                        │ (None, 256)                 │          33,024 │
├──────────────────────────────────────┼─────────────────────────────┼─────────────────┤
│ dropout_1 (Dropout)                  │ (None, 256)                 │               0 │
├──────────────────────────────────────┼─────────────────────────────┼─────────────────┤
│ dense_1 (Dense)                      │ (None, 5)                   │           1,285 │
└──────────────────────────────────────┴─────────────────────────────┴─────────────────┘
 Total params: 128,453 (501.77 KB)
 Trainable params: 128,005 (500.02 KB)
 Non-trainable params: 448 (1.75 KB)


Epoch 1/30

Epoch 1: val_accuracy improved from -inf to 0.26087, saving model to ./models/flower_model_NN.keras
46/46 - 11s - 246ms/step - accuracy: 0.4973 - loss: 1.2065 - val_accuracy: 0.2609 - val_loss: 1.6364
Epoch 2/30

Epoch 2: val_accuracy did not improve from 0.26087
46/46 - 3s - 65ms/step - accuracy: 0.5708 - loss: 1.1072 - val_accuracy: 0.2609 - val_loss: 2.0191
Epoch 3/30

Epoch 3: val_accuracy did not improve from 0.26087
46/46 - 3s - 63ms/step - accuracy: 0.6117 - loss: 0.9817 - val_accuracy: 0.2609 - val_loss: 2.5681
Epoch 4/30

Epoch 4: val_accuracy did not improve from 0.26087
46/46 - 3s - 64ms/step - accuracy: 0.5899 - loss: 0.9850 - val_accuracy: 0.2609 - val_loss: 2.6388
Epoch 5/30

Epoch 5: val_accuracy did not improve from 0.26087
46/46 - 3s - 64ms/step - accuracy: 0.6403 - loss: 0.9386 - val_accuracy: 0.2609 - val_loss: 3.2393
Epoch 6/30

Epoch 6: val_accuracy did not improve from 0.26087
46/46 - 3s - 64ms/step - accuracy: 0.6471 - loss: 0.8990 - val_accuracy: 0.2609 - val_loss: 2.9948
Epoch 7/30

Epoch 7: val_accuracy did not improve from 0.26087
46/46 - 3s - 64ms/step - accuracy: 0.6812 - loss: 0.8172 - val_accuracy: 0.2609 - val_loss: 3.1804
Epoch 8/30

Epoch 8: val_accuracy improved from 0.26087 to 0.26630, saving model to ./models/flower_model_NN.keras
46/46 - 3s - 65ms/step - accuracy: 0.7030 - loss: 0.8050 - val_accuracy: 0.2663 - val_loss: 3.0349
Epoch 9/30

Epoch 9: val_accuracy improved from 0.26630 to 0.28261, saving model to ./models/flower_model_NN.keras
46/46 - 3s - 65ms/step - accuracy: 0.6866 - loss: 0.8645 - val_accuracy: 0.2826 - val_loss: 3.0511
Epoch 10/30

Epoch 10: val_accuracy improved from 0.28261 to 0.33696, saving model to ./models/flower_model_NN.keras
46/46 - 3s - 65ms/step - accuracy: 0.6703 - loss: 0.8183 - val_accuracy: 0.3370 - val_loss: 2.4473
Epoch 11/30

Epoch 11: val_accuracy improved from 0.33696 to 0.37500, saving model to ./models/flower_model_NN.keras
46/46 - 3s - 65ms/step - accuracy: 0.7112 - loss: 0.7189 - val_accuracy: 0.3750 - val_loss: 2.1651
Epoch 12/30

Epoch 12: val_accuracy improved from 0.37500 to 0.46196, saving model to ./models/flower_model_NN.keras
46/46 - 3s - 66ms/step - accuracy: 0.7044 - loss: 0.7629 - val_accuracy: 0.4620 - val_loss: 1.6305
Epoch 13/30

Epoch 13: val_accuracy improved from 0.46196 to 0.58696, saving model to ./models/flower_model_NN.keras
46/46 - 3s - 65ms/step - accuracy: 0.7520 - loss: 0.6698 - val_accuracy: 0.5870 - val_loss: 1.0402
Epoch 14/30

Epoch 14: val_accuracy did not improve from 0.58696
46/46 - 3s - 63ms/step - accuracy: 0.7275 - loss: 0.6924 - val_accuracy: 0.5815 - val_loss: 1.0194
Epoch 15/30

Epoch 15: val_accuracy improved from 0.58696 to 0.63043, saving model to ./models/flower_model_NN.keras
46/46 - 3s - 65ms/step - accuracy: 0.7316 - loss: 0.7448 - val_accuracy: 0.6304 - val_loss: 0.9838
Epoch 16/30

Epoch 16: val_accuracy improved from 0.63043 to 0.65761, saving model to ./models/flower_model_NN.keras
46/46 - 3s - 65ms/step - accuracy: 0.7411 - loss: 0.7039 - val_accuracy: 0.6576 - val_loss: 0.8364
Epoch 17/30

Epoch 17: val_accuracy improved from 0.65761 to 0.66848, saving model to ./models/flower_model_NN.keras
46/46 - 3s - 65ms/step - accuracy: 0.7520 - loss: 0.6541 - val_accuracy: 0.6685 - val_loss: 0.9036
Epoch 18/30

Epoch 18: val_accuracy did not improve from 0.66848
46/46 - 3s - 64ms/step - accuracy: 0.7629 - loss: 0.6581 - val_accuracy: 0.6413 - val_loss: 0.8927
Epoch 19/30

Epoch 19: val_accuracy did not improve from 0.66848
46/46 - 3s - 64ms/step - accuracy: 0.7452 - loss: 0.6669 - val_accuracy: 0.6413 - val_loss: 0.9606
Epoch 20/30

Epoch 20: val_accuracy did not improve from 0.66848
46/46 - 3s - 69ms/step - accuracy: 0.7357 - loss: 0.6546 - val_accuracy: 0.5543 - val_loss: 1.1379
Epoch 21/30

Epoch 21: val_accuracy did not improve from 0.66848
46/46 - 3s - 64ms/step - accuracy: 0.7657 - loss: 0.6363 - val_accuracy: 0.6087 - val_loss: 0.9971
Epoch 22/30

Epoch 22: val_accuracy did not improve from 0.66848
46/46 - 3s - 64ms/step - accuracy: 0.7589 - loss: 0.6231 - val_accuracy: 0.6196 - val_loss: 0.9432
Epoch 23/30

Epoch 23: val_accuracy did not improve from 0.66848
46/46 - 3s - 64ms/step - accuracy: 0.7834 - loss: 0.5823 - val_accuracy: 0.6359 - val_loss: 0.9787
Epoch 24/30

Epoch 24: val_accuracy did not improve from 0.66848
46/46 - 3s - 64ms/step - accuracy: 0.7520 - loss: 0.6511 - val_accuracy: 0.6196 - val_loss: 1.2371
Epoch 25/30

Epoch 25: val_accuracy improved from 0.66848 to 0.70109, saving model to ./models/flower_model_NN.keras
46/46 - 3s - 65ms/step - accuracy: 0.7916 - loss: 0.5580 - val_accuracy: 0.7011 - val_loss: 0.8351
Epoch 26/30

Epoch 26: val_accuracy did not improve from 0.70109
46/46 - 3s - 64ms/step - accuracy: 0.7698 - loss: 0.5969 - val_accuracy: 0.6413 - val_loss: 0.9677
Epoch 27/30

Epoch 27: val_accuracy did not improve from 0.70109
46/46 - 3s - 64ms/step - accuracy: 0.7916 - loss: 0.5417 - val_accuracy: 0.6848 - val_loss: 0.7997
Epoch 28/30

Epoch 28: val_accuracy did not improve from 0.70109
46/46 - 3s - 64ms/step - accuracy: 0.7888 - loss: 0.5501 - val_accuracy: 0.5598 - val_loss: 1.2360
Epoch 29/30

Epoch 29: val_accuracy did not improve from 0.70109
46/46 - 3s - 63ms/step - accuracy: 0.8134 - loss: 0.5367 - val_accuracy: 0.6413 - val_loss: 0.9590
Epoch 30/30

Epoch 30: val_accuracy did not improve from 0.70109
46/46 - 3s - 64ms/step - accuracy: 0.7793 - loss: 0.5467 - val_accuracy: 0.6957 - val_loss: 0.7652

Results
best_epoch: 25
training_time: 98.1206567287445
training_accuracy from history: 0.7915531396865845
validation_accuracy from history: 0.7010869383811951
training_accuracy evaluated best model: 0.776831328868866
validation_accuracy evaluated best model: 0.7333333492279053
training_loss evaluated best model: 0.6057949662208557
validation_loss evaluated best model: 0.718522310256958
saved model: ./models/flower_model_NN.keras
Finished training.
